SF:lib\domain\usecases\get_movie_detail.dart
DA:9,1
DA:11,1
DA:12,2
LF:3
LH:3
end_of_record
SF:lib\domain\usecases\get_movie_recommendations.dart
DA:9,1
DA:11,1
DA:12,2
LF:3
LH:3
end_of_record
SF:lib\domain\usecases\get_now_playing_movies.dart
DA:9,1
DA:11,1
DA:12,2
LF:3
LH:3
end_of_record
SF:lib\domain\usecases\get_popular_movies.dart
DA:9,1
DA:11,1
DA:12,2
LF:3
LH:3
end_of_record
SF:lib\domain\usecases\get_top_rated_movies.dart
DA:9,1
DA:11,1
DA:12,2
LF:3
LH:3
end_of_record
SF:lib\presentation\pages\home_movie_page.dart
DA:19,0
DA:21,0
DA:22,0
DA:26,0
DA:28,0
DA:29,0
DA:30,0
DA:31,0
DA:32,0
DA:33,0
DA:34,0
DA:35,0
DA:38,0
DA:40,0
DA:41,0
DA:42,0
DA:43,0
DA:51,0
DA:54,0
DA:55,0
DA:58,0
DA:61,0
DA:62,0
DA:65,0
DA:68,0
DA:69,0
DA:72,0
DA:73,0
DA:74,0
DA:82,0
DA:84,0
DA:85,0
DA:86,0
DA:87,0
DA:93,0
DA:95,0
DA:96,0
DA:98,0
DA:99,0
DA:101,0
DA:103,0
DA:104,0
DA:105,0
DA:109,0
DA:110,0
DA:111,0
DA:112,0
DA:114,0
DA:117,0
DA:119,0
DA:120,0
DA:122,0
DA:123,0
DA:124,0
DA:128,0
DA:129,0
DA:130,0
DA:131,0
DA:133,0
DA:136,0
DA:138,0
DA:139,0
DA:141,0
DA:142,0
DA:143,0
DA:147,0
DA:148,0
DA:149,0
DA:150,0
DA:152,0
DA:162,0
DA:163,0
DA:165,0
DA:166,0
DA:168,0
DA:170,0
DA:172,0
DA:174,0
DA:187,0
DA:189,0
DA:191,0
DA:193,0
DA:195,0
DA:196,0
DA:197,0
DA:199,0
DA:200,0
DA:201,0
DA:204,0
DA:207,0
DA:209,0
DA:210,0
DA:211,0
DA:214,0
DA:220,0
LF:95
LH:0
end_of_record
SF:lib\presentation\pages\movie_detail_page.dart
DA:19,0
DA:21,0
DA:23,0
DA:27,0
DA:29,0
DA:30,0
DA:31,0
DA:32,0
DA:36,0
DA:38,0
DA:39,0
DA:40,0
DA:41,0
DA:42,0
DA:43,0
DA:44,0
DA:45,0
DA:46,0
DA:47,0
DA:48,0
DA:50,0
DA:52,0
DA:53,0
DA:54,0
DA:59,0
DA:60,0
DA:61,0
DA:65,0
DA:66,0
DA:67,0
DA:68,0
DA:70,0
DA:71,0
DA:75,0
DA:89,0
DA:92,0
DA:94,0
DA:95,0
DA:96,0
DA:97,0
DA:98,0
DA:100,0
DA:103,0
DA:105,0
DA:107,0
DA:108,0
DA:109,0
DA:119,0
DA:120,0
DA:121,0
DA:123,0
DA:125,0
DA:127,0
DA:128,0
DA:129,0
DA:130,0
DA:132,0
DA:133,0
DA:134,0
DA:136,0
DA:137,0
DA:140,0
DA:141,0
DA:144,0
DA:146,0
DA:147,0
DA:154,0
DA:155,0
DA:157,0
DA:158,0
DA:160,0
DA:161,0
DA:162,0
DA:163,0
DA:165,0
DA:171,0
DA:175,0
DA:177,0
DA:179,0
DA:180,0
DA:183,0
DA:185,0
DA:187,0
DA:188,0
DA:189,0
DA:194,0
DA:196,0
DA:197,0
DA:199,0
DA:201,0
DA:203,0
DA:204,0
DA:205,0
DA:207,0
DA:208,0
DA:209,0
DA:212,0
DA:215,0
DA:220,0
DA:222,0
DA:223,0
DA:229,0
DA:236,0
DA:240,0
DA:248,0
DA:250,0
DA:265,0
DA:267,0
DA:270,0
DA:272,0
DA:273,0
DA:282,0
DA:284,0
DA:285,0
DA:288,0
DA:292,0
DA:295,0
DA:296,0
DA:297,0
DA:299,0
DA:300,0
DA:302,0
LF:122
LH:0
end_of_record
SF:lib\presentation\pages\popular_movies_page.dart
DA:13,0
DA:15,0
DA:17,0
DA:21,0
DA:23,0
DA:24,0
DA:25,0
DA:26,0
DA:30,0
DA:32,0
DA:33,0
DA:36,0
DA:38,0
DA:39,0
DA:40,0
DA:44,0
DA:45,0
DA:46,0
DA:47,0
DA:48,0
DA:50,0
DA:52,0
DA:53,0
DA:55,0
DA:59,0
LF:25
LH:0
end_of_record
SF:lib\presentation\pages\top_rated_movies_page.dart
DA:12,0
DA:14,0
DA:16,0
DA:20,0
DA:22,0
DA:23,0
DA:24,0
DA:25,0
DA:29,0
DA:31,0
DA:32,0
DA:35,0
DA:37,0
DA:38,0
DA:39,0
DA:43,0
DA:44,0
DA:45,0
DA:46,0
DA:47,0
DA:49,0
DA:51,0
DA:52,0
DA:54,0
DA:58,0
LF:25
LH:0
end_of_record
SF:lib\presentation\bloc\movie_detail\movie_detail_event.dart
DA:4,2
DA:6,0
DA:7,0
DA:13,1
DA:15,0
DA:16,0
DA:22,1
DA:24,0
DA:25,0
DA:31,1
DA:33,0
DA:34,0
DA:40,2
DA:42,0
DA:43,0
LF:15
LH:5
end_of_record
SF:lib\presentation\bloc\movie_detail\movie_detail_state.dart
DA:12,10
DA:22,1
DA:31,1
DA:32,1
DA:33,1
DA:34,1
DA:35,1
DA:36,1
DA:37,1
DA:38,1
DA:42,1
DA:54,1
DA:55,1
DA:56,1
DA:57,1
DA:58,1
DA:59,1
DA:60,2
DA:61,1
LF:19
LH:19
end_of_record
SF:lib\presentation\bloc\movie_detail\movie_detail_bloc.dart
DA:27,1
DA:33,2
DA:34,2
DA:35,3
DA:37,3
DA:38,3
DA:40,1
DA:41,1
DA:42,1
DA:43,2
DA:45,1
DA:49,1
DA:50,1
DA:51,2
DA:58,1
DA:59,1
DA:60,1
DA:61,2
DA:63,1
DA:67,1
DA:68,1
DA:69,2
DA:80,2
DA:81,3
DA:83,2
DA:84,4
DA:85,1
DA:86,3
DA:89,4
DA:91,2
DA:92,3
DA:94,2
DA:95,4
DA:96,1
DA:97,3
DA:100,4
DA:102,2
DA:103,3
DA:104,3
LF:39
LH:39
end_of_record
SF:lib\presentation\bloc\movie_list\movie_list_state.dart
DA:5,2
DA:7,1
DA:8,1
DA:18,1
DA:20,1
DA:21,2
DA:27,2
DA:29,1
DA:30,2
LF:9
LH:9
end_of_record
SF:lib\presentation\bloc\movie_list\movie_list_bloc.dart
DA:14,3
DA:15,2
DA:16,2
DA:17,2
DA:18,1
DA:19,4
DA:20,3
DA:28,3
DA:29,2
DA:30,2
DA:31,2
DA:32,1
DA:33,4
DA:34,3
DA:42,3
DA:43,2
DA:44,2
DA:45,2
DA:46,1
DA:47,4
DA:48,3
LF:21
LH:21
end_of_record
SF:lib\presentation\bloc\popular_movie\popular_movies_state.dart
DA:4,2
DA:6,1
DA:7,1
DA:17,2
DA:19,1
DA:20,2
DA:26,2
DA:28,1
DA:29,2
LF:9
LH:9
end_of_record
SF:lib\presentation\bloc\popular_movie\popular_movies_bloc.dart
DA:14,3
DA:15,2
DA:16,2
DA:17,2
DA:18,1
DA:19,4
DA:20,1
DA:21,2
DA:22,1
DA:23,2
LF:10
LH:10
end_of_record
SF:lib\presentation\bloc\top_rated_movies\top_rated_movies_bloc.dart
DA:15,3
DA:16,2
DA:17,2
DA:18,2
DA:19,1
DA:20,4
DA:21,1
DA:22,2
DA:23,1
DA:24,2
LF:10
LH:10
end_of_record
SF:lib\presentation\bloc\top_rated_movies\top_rated_movies_state.dart
DA:4,2
DA:6,1
DA:7,1
DA:17,2
DA:19,1
DA:20,2
DA:26,2
DA:28,1
DA:29,2
LF:9
LH:9
end_of_record
