SF:lib\domain\usecases\get_now_playing_tv.dart
DA:9,1
DA:11,1
DA:12,2
LF:3
LH:3
end_of_record
SF:lib\domain\usecases\get_popular_tv.dart
DA:9,1
DA:11,1
DA:12,2
LF:3
LH:3
end_of_record
SF:lib\domain\usecases\get_top_rated_tv.dart
DA:9,1
DA:11,1
DA:12,2
LF:3
LH:3
end_of_record
SF:lib\domain\usecases\get_tv_detail.dart
DA:9,1
DA:11,1
DA:12,2
LF:3
LH:3
end_of_record
SF:lib\domain\usecases\get_tv_recommendations.dart
DA:9,1
DA:11,1
DA:12,2
LF:3
LH:3
end_of_record
SF:lib\presentation\bloc\tv_detail\tv_detail_event.dart
DA:4,2
DA:6,0
DA:7,0
DA:13,1
DA:15,0
DA:16,0
DA:22,1
DA:24,0
DA:25,0
DA:31,1
DA:33,0
DA:34,0
DA:40,2
DA:42,0
DA:43,0
LF:15
LH:5
end_of_record
SF:lib\presentation\bloc\tv_detail\tv_detail_state.dart
DA:12,4
DA:22,1
DA:31,1
DA:32,1
DA:33,1
DA:34,1
DA:35,1
DA:36,1
DA:37,1
DA:38,1
DA:42,1
DA:54,1
DA:55,1
DA:56,1
DA:57,1
DA:58,1
DA:59,1
DA:60,2
DA:61,1
LF:19
LH:19
end_of_record
SF:lib\presentation\bloc\tv_detail\tv_detail_bloc.dart
DA:24,1
DA:30,2
DA:31,2
DA:32,3
DA:33,3
DA:34,3
DA:36,1
DA:37,1
DA:38,1
DA:39,2
DA:41,1
DA:45,1
DA:46,1
DA:47,2
DA:54,1
DA:55,1
DA:56,1
DA:57,2
DA:59,1
DA:63,1
DA:64,1
DA:65,2
DA:76,2
DA:77,3
DA:78,1
DA:79,1
DA:80,4
DA:82,1
DA:83,3
DA:87,4
DA:90,2
DA:91,3
DA:93,1
DA:94,1
DA:95,4
DA:97,1
DA:98,3
DA:102,4
DA:105,2
DA:106,3
DA:107,3
LF:41
LH:41
end_of_record
SF:lib\presentation\bloc\now_playing_tvs\now_playing_tvs_state.dart
DA:4,2
DA:6,1
DA:7,1
DA:17,2
DA:19,1
DA:20,2
DA:26,2
DA:28,1
DA:29,2
LF:9
LH:9
end_of_record
SF:lib\presentation\bloc\now_playing_tvs\now_playing_tvs_bloc.dart
DA:13,3
DA:14,2
DA:15,2
DA:16,2
DA:17,5
DA:18,1
DA:19,2
DA:20,3
LF:8
LH:8
end_of_record
SF:lib\presentation\bloc\popular_tvs\popular_tvs_bloc.dart
DA:14,3
DA:15,2
DA:16,2
DA:17,2
DA:18,6
DA:19,2
DA:20,3
LF:7
LH:7
end_of_record
SF:lib\presentation\bloc\popular_tvs\popular_tvs_state.dart
DA:4,2
DA:6,1
DA:7,1
DA:17,2
DA:19,1
DA:20,2
DA:26,2
DA:28,1
DA:29,2
LF:9
LH:9
end_of_record
SF:lib\presentation\bloc\top_rated_tvs\top_rated_tvs_tate.dart
DA:4,2
DA:6,1
DA:7,1
DA:17,2
DA:19,1
DA:20,2
DA:26,2
DA:28,1
DA:29,2
LF:9
LH:9
end_of_record
SF:lib\presentation\bloc\top_rated_tvs\top_rated_tvs_bloc.dart
DA:15,3
DA:16,2
DA:17,2
DA:18,2
DA:19,6
DA:20,2
DA:21,3
LF:7
LH:7
end_of_record
SF:lib\presentation\bloc\tv_list\tv_list_bloc.dart
DA:15,3
DA:16,2
DA:17,2
DA:18,2
DA:19,1
DA:20,4
DA:21,3
DA:29,3
DA:30,2
DA:31,2
DA:32,2
DA:33,1
DA:34,4
DA:35,3
DA:43,3
DA:44,2
DA:45,2
DA:46,2
DA:47,1
DA:48,4
DA:49,3
LF:21
LH:21
end_of_record
SF:lib\presentation\bloc\tv_list\tv_list_state.dart
DA:5,2
DA:7,1
DA:8,1
DA:18,1
DA:20,1
DA:21,2
DA:27,2
DA:29,1
DA:30,2
LF:9
LH:9
end_of_record
