SF:lib\domain\usecases\search_movies.dart
DA:9,1
DA:11,1
DA:12,2
LF:3
LH:3
end_of_record
SF:lib\domain\usecases\search_tvs.dart
DA:10,1
DA:12,1
DA:13,2
LF:3
LH:3
end_of_record
SF:lib\presentation\bloc\movie_search_state.dart
DA:4,1
DA:6,1
DA:7,1
DA:19,1
DA:21,1
DA:22,2
DA:28,1
DA:30,1
DA:31,2
DA:37,0
DA:39,0
DA:40,0
LF:12
LH:9
end_of_record
SF:lib\presentation\bloc\movie_search_event.dart
DA:5,1
DA:7,0
DA:8,0
DA:14,1
DA:16,0
DA:17,0
LF:6
LH:2
end_of_record
SF:lib\presentation\bloc\movie_search_bloc.dart
DA:14,3
DA:15,2
DA:16,1
DA:17,2
DA:18,2
DA:20,1
DA:21,1
DA:22,3
DA:24,1
DA:25,1
DA:26,0
DA:28,2
DA:31,1
DA:34,1
DA:35,3
LF:15
LH:14
end_of_record
SF:lib\presentation\bloc\tv_search_event.dart
DA:4,1
DA:6,0
DA:7,0
DA:13,1
DA:15,0
DA:16,0
LF:6
LH:2
end_of_record
SF:lib\presentation\bloc\tv_search_state.dart
DA:4,1
DA:6,1
DA:7,1
DA:17,1
DA:19,1
DA:20,2
DA:26,1
DA:28,1
DA:29,2
DA:35,0
DA:37,0
DA:38,0
LF:12
LH:9
end_of_record
SF:lib\presentation\bloc\tv_search_bloc.dart
DA:14,3
DA:15,2
DA:16,1
DA:17,2
DA:18,2
DA:20,1
DA:21,1
DA:22,3
DA:24,1
DA:25,1
DA:26,0
DA:28,2
DA:31,1
DA:34,1
DA:35,3
LF:15
LH:14
end_of_record
